0 info it worked if it ends with ok
<<<<<<< HEAD
1 verbose cli [ '/usr/local/bin/node', '/usr/local/bin/npm', 'start' ]
2 info using npm@2.14.7
3 info using node@v4.2.2
=======
1 verbose cli [ '/sync/Module_ASI_2/nodejs/bin/node',
1 verbose cli   '/sync/Module_ASI_2/nodejs/bin/npm',
1 verbose cli   'start' ]
2 info using npm@2.11.3
3 info using node@v0.12.7
>>>>>>> 6524e64b5c5dd754a04909842c0ff65c99399b67
4 verbose run-script [ 'prestart', 'start', 'poststart' ]
5 info prestart node-cpe@0.1.0
6 info start node-cpe@0.1.0
7 verbose unsafe-perm in lifecycle true
8 info node-cpe@0.1.0 Failed to exec start script
9 verbose stack Error: node-cpe@0.1.0 start: `node app.js`
9 verbose stack Exit status 1
<<<<<<< HEAD
9 verbose stack     at EventEmitter.<anonymous> (/usr/local/lib/node_modules/npm/lib/utils/lifecycle.js:214:16)
9 verbose stack     at emitTwo (events.js:87:13)
9 verbose stack     at EventEmitter.emit (events.js:172:7)
9 verbose stack     at ChildProcess.<anonymous> (/usr/local/lib/node_modules/npm/lib/utils/spawn.js:24:14)
9 verbose stack     at emitTwo (events.js:87:13)
9 verbose stack     at ChildProcess.emit (events.js:172:7)
9 verbose stack     at maybeClose (internal/child_process.js:818:16)
9 verbose stack     at Process.ChildProcess._handle.onexit (internal/child_process.js:211:5)
10 verbose pkgid node-cpe@0.1.0
11 verbose cwd /Users/guillaumenostrenoff/workspaceCPE/projects/ASI_project/nodejs-ASI-project
12 error Darwin 14.4.0
13 error argv "/usr/local/bin/node" "/usr/local/bin/npm" "start"
14 error node v4.2.2
15 error npm  v2.14.7
=======
9 verbose stack     at EventEmitter.<anonymous> (/sync/Module_ASI_2/nodejs/lib/node_modules/npm/lib/utils/lifecycle.js:213:16)
9 verbose stack     at EventEmitter.emit (events.js:110:17)
9 verbose stack     at ChildProcess.<anonymous> (/sync/Module_ASI_2/nodejs/lib/node_modules/npm/lib/utils/spawn.js:24:14)
9 verbose stack     at ChildProcess.emit (events.js:110:17)
9 verbose stack     at maybeClose (child_process.js:1015:16)
9 verbose stack     at Process.ChildProcess._handle.onexit (child_process.js:1087:5)
10 verbose pkgid node-cpe@0.1.0
11 verbose cwd /fs03/share/users/seni.gueye/home/NodeJS/nodejs-ASI-project
12 error Linux 3.13.0-48-generic
13 error argv "/sync/Module_ASI_2/nodejs/bin/node" "/sync/Module_ASI_2/nodejs/bin/npm" "start"
14 error node v0.12.7
15 error npm  v2.11.3
>>>>>>> 6524e64b5c5dd754a04909842c0ff65c99399b67
16 error code ELIFECYCLE
17 error node-cpe@0.1.0 start: `node app.js`
17 error Exit status 1
18 error Failed at the node-cpe@0.1.0 start script 'node app.js'.
18 error This is most likely a problem with the node-cpe package,
18 error not with npm itself.
18 error Tell the author that this fails on your system:
18 error     node app.js
18 error You can get their info via:
18 error     npm owner ls node-cpe
18 error There is likely additional logging output above.
19 verbose exit [ 1, true ]
